#
# There is insufficient memory for the Java Runtime Environment to continue.
# Native memory allocation (malloc) failed to allocate 313776 bytes for Chunk::new
# Possible reasons:
#   The system is out of physical RAM or swap space
#   The process is running with CompressedOops enabled, and the Java Heap may be blocking the growth of the native heap
# Possible solutions:
#   Reduce memory load on the system
#   Increase physical memory or swap space
#   Check if swap backing store is full
#   Decrease Java heap size (-Xmx/-Xms)
#   Decrease number of Java threads
#   Decrease Java thread stack sizes (-Xss)
#   Set larger code cache with -XX:ReservedCodeCacheSize=
#   JVM is running with Unscaled Compressed Oops mode in which the Java heap is
#     placed in the first 4GB address space. The Java Heap base address is the
#     maximum limit for the native heap growth. Please use -XX:HeapBaseMinAddress
#     to set the Java Heap base and to place the Java Heap above 4GB virtual address.
# This output file may be truncated or incomplete.
#
#  Out of Memory Error (./open/src/hotspot/share/memory/arena.cpp:197), pid=25140, tid=28052
#
# JRE version: Java(TM) SE Runtime Environment 18.9 (11.0.22+9) (build 11.0.22+9-LTS-219)
# Java VM: Java HotSpot(TM) 64-Bit Server VM 18.9 (11.0.22+9-LTS-219, mixed mode, tiered, compressed oops, g1 gc, windows-amd64)
# No core dump will be written. Minidumps are not enabled by default on client versions of Windows
#

---------------  S U M M A R Y ------------

Command Line: -Dfile.encoding=UTF-8 -Dstdout.encoding=UTF-8 -Dstderr.encoding=UTF-8 utilitiesDriver.WaitForAlert

Host: Intel(R) Core(TM) i5-5300U CPU @ 2.30GHz, 4 cores, 3G,  Windows 10 , 64 bit Build 19041 (10.0.19041.4717)
Time: Sat Sep  7 15:37:35 2024 India Standard Time elapsed time: 7.618667 seconds (0d 0h 0m 7s)

---------------  T H R E A D  ---------------

Current thread (0x00000253ad73f800):  JavaThread "C2 CompilerThread0" daemon [_thread_in_native, id=28052, stack(0x000000923e100000,0x000000923e200000)]


Current CompileTask:
C2:   7618 1624       4       java.lang.invoke.MethodType::makeImpl (108 bytes)

Stack: [0x000000923e100000,0x000000923e200000]
Native frames: (J=compiled Java code, j=interpreted, Vv=VM code, C=native code)
V  [jvm.dll+0x66055a]
V  [jvm.dll+0x7a367f]
V  [jvm.dll+0x7a4d49]
V  [jvm.dll+0x7a53e3]
V  [jvm.dll+0x258625]
V  [jvm.dll+0xb2a0c]
V  [jvm.dll+0xb2fcc]
V  [jvm.dll+0x553523]
V  [jvm.dll+0x1a2189]
V  [jvm.dll+0x2114ad]
V  [jvm.dll+0x210328]
V  [jvm.dll+0x18c3b1]
V  [jvm.dll+0x2205b9]
V  [jvm.dll+0x21e8dc]
V  [jvm.dll+0x767401]
V  [jvm.dll+0x75fc84]
V  [jvm.dll+0x65f405]
C  [ucrtbase.dll+0x21bb2]
C  [KERNEL32.DLL+0x17374]
C  [ntdll.dll+0x4cc91]


---------------  P R O C E S S  ---------------

Threads class SMR info:
_java_thread_list=0x00000253af38c6e0, length=24, elements={
0x0000025391e07800, 0x00000253ad6bc000, 0x00000253ad6e7800, 0x00000253ad737800,
0x00000253ad73a800, 0x00000253ad73b800, 0x00000253ad73f800, 0x00000253ad74a000,
0x00000253ad74b800, 0x00000253ad9af800, 0x00000253ae2e3800, 0x00000253ae3d1800,
0x00000253ae3d8000, 0x00000253ae3dd800, 0x00000253ae3de000, 0x00000253ae3e2800,
0x00000253ae3eb800, 0x00000253ae34f000, 0x00000253af094000, 0x00000253af230800,
0x00000253af230000, 0x00000253af233000, 0x00000253af231800, 0x00000253af22e000
}

Java Threads: ( => current thread )
  0x0000025391e07800 JavaThread "Forwarding get on session a561f2179aac303c707c1578fc37811b to remote" [_thread_blocked, id=30256, stack(0x000000923d500000,0x000000923d600000)]
  0x00000253ad6bc000 JavaThread "Reference Handler" daemon [_thread_blocked, id=24712, stack(0x000000923dc00000,0x000000923dd00000)]
  0x00000253ad6e7800 JavaThread "Finalizer" daemon [_thread_blocked, id=8736, stack(0x000000923dd00000,0x000000923de00000)]
  0x00000253ad737800 JavaThread "Signal Dispatcher" daemon [_thread_blocked, id=17636, stack(0x000000923de00000,0x000000923df00000)]
  0x00000253ad73a800 JavaThread "Attach Listener" daemon [_thread_blocked, id=30368, stack(0x000000923df00000,0x000000923e000000)]
  0x00000253ad73b800 JavaThread "Service Thread" daemon [_thread_blocked, id=14808, stack(0x000000923e000000,0x000000923e100000)]
=>0x00000253ad73f800 JavaThread "C2 CompilerThread0" daemon [_thread_in_native, id=28052, stack(0x000000923e100000,0x000000923e200000)]
  0x00000253ad74a000 JavaThread "C1 CompilerThread0" daemon [_thread_blocked, id=11696, stack(0x000000923e200000,0x000000923e300000)]
  0x00000253ad74b800 JavaThread "Sweeper thread" daemon [_thread_blocked, id=33108, stack(0x000000923e300000,0x000000923e400000)]
  0x00000253ad9af800 JavaThread "Common-Cleaner" daemon [_thread_blocked, id=12796, stack(0x000000923e500000,0x000000923e600000)]
  0x00000253ae2e3800 JavaThread "ForkJoinPool.commonPool-worker-3" daemon [_thread_blocked, id=6188, stack(0x000000923e600000,0x000000923e700000)]
  0x00000253ae3d1800 JavaThread "HttpClient-1-SelectorManager" daemon [_thread_in_native, id=25544, stack(0x000000923e800000,0x000000923e900000)]
  0x00000253ae3d8000 JavaThread "External Process Output Forwarder - C:\Users\rookie\.cache\selenium\chromedriver\win64\128.0.6613.119\chromedriver.exe" daemon [_thread_in_native, id=29520, stack(0x000000923e900000,0x000000923ea00000)]
  0x00000253ae3dd800 JavaThread "Driver Service Executor" daemon [_thread_blocked, id=29656, stack(0x000000923ea00000,0x000000923eb00000)]
  0x00000253ae3de000 JavaThread "Driver Service Executor" daemon [_thread_in_native, id=17668, stack(0x000000923eb00000,0x000000923ec00000)]
  0x00000253ae3e2800 JavaThread "UrlChecker-2" daemon [_thread_blocked, id=32496, stack(0x000000923ec00000,0x000000923ed00000)]
  0x00000253ae3eb800 JavaThread "Keep-Alive-Timer" daemon [_thread_blocked, id=13364, stack(0x000000923ee00000,0x000000923ef00000)]
  0x00000253ae34f000 JavaThread "JdkHttpClient-0-0" daemon [_thread_blocked, id=30924, stack(0x000000923ef00000,0x000000923f000000)]
  0x00000253af094000 JavaThread "JdkHttpClient-0-1" daemon [_thread_blocked, id=20272, stack(0x000000923f000000,0x000000923f100000)]
  0x00000253af230800 JavaThread "JdkHttpClient-0-2" daemon [_thread_blocked, id=28256, stack(0x000000923f100000,0x000000923f200000)]
  0x00000253af230000 JavaThread "HttpClient-2-SelectorManager" daemon [_thread_in_native, id=31924, stack(0x000000923f200000,0x000000923f300000)]
  0x00000253af233000 JavaThread "JdkHttpClient-1-0" daemon [_thread_blocked, id=21104, stack(0x000000923f300000,0x000000923f400000)]
  0x00000253af231800 JavaThread "JdkHttpClient-1-1" daemon [_thread_blocked, id=32796, stack(0x000000923f400000,0x000000923f500000)]
  0x00000253af22e000 JavaThread "JdkHttpClient-1-2" daemon [_thread_blocked, id=7240, stack(0x000000923f500000,0x000000923f600000)]

Other Threads:
  0x00000253ad6b9800 VMThread "VM Thread" [stack: 0x000000923db00000,0x000000923dc00000] [id=14484]
  0x00000253ad9b3000 WatcherThread [stack: 0x000000923e400000,0x000000923e500000] [id=32536]
  0x0000025391e1e000 GCTaskThread "GC Thread#0" [stack: 0x000000923d600000,0x000000923d700000] [id=31604]
  0x00000253ae2c9000 GCTaskThread "GC Thread#1" [stack: 0x000000923e700000,0x000000923e800000] [id=26676]
  0x0000025391e3a800 ConcurrentGCThread "G1 Main Marker" [stack: 0x000000923d700000,0x000000923d800000] [id=15040]
  0x0000025391e3c000 ConcurrentGCThread "G1 Conc#0" [stack: 0x000000923d800000,0x000000923d900000] [id=25752]
  0x0000025391e94800 ConcurrentGCThread "G1 Refine#0" [stack: 0x000000923d900000,0x000000923da00000] [id=21848]
  0x0000025391e95800 ConcurrentGCThread "G1 Young RemSet Sampling" [stack: 0x000000923da00000,0x000000923db00000] [id=28924]

Threads with active compile tasks:
C2 CompilerThread0     7686 1624       4       java.lang.invoke.MethodType::makeImpl (108 bytes)

VM state:not at safepoint (normal execution)

VM Mutex/Monitor currently owned by a thread: None

Heap address: 0x00000000c1a00000, size: 998 MB, Compressed Oops mode: 32-bit
Narrow klass base: 0x0000000000000000, Narrow klass shift: 3
Compressed class space size: 1073741824 Address: 0x0000000100000000

Heap:
 garbage-first heap   total 65536K, used 14669K [0x00000000c1a00000, 0x0000000100000000)
  region size 1024K, 12 young (12288K), 2 survivors (2048K)
 Metaspace       used 19627K, capacity 20463K, committed 20736K, reserved 1067008K
  class space    used 2169K, capacity 2516K, committed 2560K, reserved 1048576K
Heap Regions: E=young(eden), S=young(survivor), O=old, HS=humongous(starts), HC=humongous(continues), CS=collection set, F=free, A=archive, TAMS=top-at-mark-start (previous, next)
|   0|0x00000000c1a00000, 0x00000000c1b00000, 0x00000000c1b00000|100%| O|  |TAMS 0x00000000c1a00000, 0x00000000c1a00000| Untracked 
|   1|0x00000000c1b00000, 0x00000000c1c00000, 0x00000000c1c00000|100%| O|  |TAMS 0x00000000c1b00000, 0x00000000c1b00000| Untracked 
|   2|0x00000000c1c00000, 0x00000000c1d00000, 0x00000000c1d00000|100%| O|  |TAMS 0x00000000c1c00000, 0x00000000c1c00000| Untracked 
|   3|0x00000000c1d00000, 0x00000000c1e00000, 0x00000000c1e00000|100%| O|  |TAMS 0x00000000c1d00000, 0x00000000c1d00000| Untracked 
|   4|0x00000000c1e00000, 0x00000000c1e26000, 0x00000000c1f00000| 14%| O|  |TAMS 0x00000000c1e00000, 0x00000000c1e00000| Untracked 
|   5|0x00000000c1f00000, 0x00000000c1f00000, 0x00000000c2000000|  0%| F|  |TAMS 0x00000000c1f00000, 0x00000000c1f00000| Untracked 
|   6|0x00000000c2000000, 0x00000000c2000000, 0x00000000c2100000|  0%| F|  |TAMS 0x00000000c2000000, 0x00000000c2000000| Untracked 
|   7|0x00000000c2100000, 0x00000000c2100000, 0x00000000c2200000|  0%| F|  |TAMS 0x00000000c2100000, 0x00000000c2100000| Untracked 
|   8|0x00000000c2200000, 0x00000000c2200000, 0x00000000c2300000|  0%| F|  |TAMS 0x00000000c2200000, 0x00000000c2200000| Untracked 
|   9|0x00000000c2300000, 0x00000000c2300000, 0x00000000c2400000|  0%| F|  |TAMS 0x00000000c2300000, 0x00000000c2300000| Untracked 
|  10|0x00000000c2400000, 0x00000000c2400000, 0x00000000c2500000|  0%| F|  |TAMS 0x00000000c2400000, 0x00000000c2400000| Untracked 
|  11|0x00000000c2500000, 0x00000000c2500000, 0x00000000c2600000|  0%| F|  |TAMS 0x00000000c2500000, 0x00000000c2500000| Untracked 
|  12|0x00000000c2600000, 0x00000000c2600000, 0x00000000c2700000|  0%| F|  |TAMS 0x00000000c2600000, 0x00000000c2600000| Untracked 
|  13|0x00000000c2700000, 0x00000000c2700000, 0x00000000c2800000|  0%| F|  |TAMS 0x00000000c2700000, 0x00000000c2700000| Untracked 
|  14|0x00000000c2800000, 0x00000000c2800000, 0x00000000c2900000|  0%| F|  |TAMS 0x00000000c2800000, 0x00000000c2800000| Untracked 
|  15|0x00000000c2900000, 0x00000000c2900000, 0x00000000c2a00000|  0%| F|  |TAMS 0x00000000c2900000, 0x00000000c2900000| Untracked 
|  16|0x00000000c2a00000, 0x00000000c2a00000, 0x00000000c2b00000|  0%| F|  |TAMS 0x00000000c2a00000, 0x00000000c2a00000| Untracked 
|  17|0x00000000c2b00000, 0x00000000c2b00000, 0x00000000c2c00000|  0%| F|  |TAMS 0x00000000c2b00000, 0x00000000c2b00000| Untracked 
|  18|0x00000000c2c00000, 0x00000000c2c00000, 0x00000000c2d00000|  0%| F|  |TAMS 0x00000000c2c00000, 0x00000000c2c00000| Untracked 
|  19|0x00000000c2d00000, 0x00000000c2d00000, 0x00000000c2e00000|  0%| F|  |TAMS 0x00000000c2d00000, 0x00000000c2d00000| Untracked 
|  20|0x00000000c2e00000, 0x00000000c2e00000, 0x00000000c2f00000|  0%| F|  |TAMS 0x00000000c2e00000, 0x00000000c2e00000| Untracked 
|  21|0x00000000c2f00000, 0x00000000c2f00000, 0x00000000c3000000|  0%| F|  |TAMS 0x00000000c2f00000, 0x00000000c2f00000| Untracked 
|  22|0x00000000c3000000, 0x00000000c3000000, 0x00000000c3100000|  0%| F|  |TAMS 0x00000000c3000000, 0x00000000c3000000| Untracked 
|  23|0x00000000c3100000, 0x00000000c3100000, 0x00000000c3200000|  0%| F|  |TAMS 0x00000000c3100000, 0x00000000c3100000| Untracked 
|  24|0x00000000c3200000, 0x00000000c3200000, 0x00000000c3300000|  0%| F|  |TAMS 0x00000000c3200000, 0x00000000c3200000| Untracked 
|  25|0x00000000c3300000, 0x00000000c3300000, 0x00000000c3400000|  0%| F|  |TAMS 0x00000000c3300000, 0x00000000c3300000| Untracked 
|  26|0x00000000c3400000, 0x00000000c3400000, 0x00000000c3500000|  0%| F|  |TAMS 0x00000000c3400000, 0x00000000c3400000| Untracked 
|  27|0x00000000c3500000, 0x00000000c3500000, 0x00000000c3600000|  0%| F|  |TAMS 0x00000000c3500000, 0x00000000c3500000| Untracked 
|  28|0x00000000c3600000, 0x00000000c3600000, 0x00000000c3700000|  0%| F|  |TAMS 0x00000000c3600000, 0x00000000c3600000| Untracked 
|  29|0x00000000c3700000, 0x00000000c3700000, 0x00000000c3800000|  0%| F|  |TAMS 0x00000000c3700000, 0x00000000c3700000| Untracked 
|  30|0x00000000c3800000, 0x00000000c3800000, 0x00000000c3900000|  0%| F|  |TAMS 0x00000000c3800000, 0x00000000c3800000| Untracked 
|  31|0x00000000c3900000, 0x00000000c3900000, 0x00000000c3a00000|  0%| F|  |TAMS 0x00000000c3900000, 0x00000000c3900000| Untracked 
|  32|0x00000000c3a00000, 0x00000000c3a00000, 0x00000000c3b00000|  0%| F|  |TAMS 0x00000000c3a00000, 0x00000000c3a00000| Untracked 
|  33|0x00000000c3b00000, 0x00000000c3b00000, 0x00000000c3c00000|  0%| F|  |TAMS 0x00000000c3b00000, 0x00000000c3b00000| Untracked 
|  34|0x00000000c3c00000, 0x00000000c3c00000, 0x00000000c3d00000|  0%| F|  |TAMS 0x00000000c3c00000, 0x00000000c3c00000| Untracked 
|  35|0x00000000c3d00000, 0x00000000c3d00000, 0x00000000c3e00000|  0%| F|  |TAMS 0x00000000c3d00000, 0x00000000c3d00000| Untracked 
|  36|0x00000000c3e00000, 0x00000000c3e00000, 0x00000000c3f00000|  0%| F|  |TAMS 0x00000000c3e00000, 0x00000000c3e00000| Untracked 
|  37|0x00000000c3f00000, 0x00000000c3f00000, 0x00000000c4000000|  0%| F|  |TAMS 0x00000000c3f00000, 0x00000000c3f00000| Untracked 
|  38|0x00000000c4000000, 0x00000000c4000000, 0x00000000c4100000|  0%| F|  |TAMS 0x00000000c4000000, 0x00000000c4000000| Untracked 
|  39|0x00000000c4100000, 0x00000000c4100000, 0x00000000c4200000|  0%| F|  |TAMS 0x00000000c4100000, 0x00000000c4100000| Untracked 
|  40|0x00000000c4200000, 0x00000000c4200000, 0x00000000c4300000|  0%| F|  |TAMS 0x00000000c4200000, 0x00000000c4200000| Untracked 
|  41|0x00000000c4300000, 0x00000000c4300000, 0x00000000c4400000|  0%| F|  |TAMS 0x00000000c4300000, 0x00000000c4300000| Untracked 
|  42|0x00000000c4400000, 0x00000000c4400000, 0x00000000c4500000|  0%| F|  |TAMS 0x00000000c4400000, 0x00000000c4400000| Untracked 
|  43|0x00000000c4500000, 0x00000000c4500000, 0x00000000c4600000|  0%| F|  |TAMS 0x00000000c4500000, 0x00000000c4500000| Untracked 
|  44|0x00000000c4600000, 0x00000000c4600000, 0x00000000c4700000|  0%| F|  |TAMS 0x00000000c4600000, 0x00000000c4600000| Untracked 
|  45|0x00000000c4700000, 0x00000000c4700000, 0x00000000c4800000|  0%| F|  |TAMS 0x00000000c4700000, 0x00000000c4700000| Untracked 
|  46|0x00000000c4800000, 0x00000000c4800000, 0x00000000c4900000|  0%| F|  |TAMS 0x00000000c4800000, 0x00000000c4800000| Untracked 
|  47|0x00000000c4900000, 0x00000000c4900000, 0x00000000c4a00000|  0%| F|  |TAMS 0x00000000c4900000, 0x00000000c4900000| Untracked 
|  48|0x00000000c4a00000, 0x00000000c4a00000, 0x00000000c4b00000|  0%| F|  |TAMS 0x00000000c4a00000, 0x00000000c4a00000| Untracked 
|  49|0x00000000c4b00000, 0x00000000c4b00000, 0x00000000c4c00000|  0%| F|  |TAMS 0x00000000c4b00000, 0x00000000c4b00000| Untracked 
|  50|0x00000000c4c00000, 0x00000000c4c00000, 0x00000000c4d00000|  0%| F|  |TAMS 0x00000000c4c00000, 0x00000000c4c00000| Untracked 
|  51|0x00000000c4d00000, 0x00000000c4d00000, 0x00000000c4e00000|  0%| F|  |TAMS 0x00000000c4d00000, 0x00000000c4d00000| Untracked 
|  52|0x00000000c4e00000, 0x00000000c4edd4d8, 0x00000000c4f00000| 86%| E|  |TAMS 0x00000000c4e00000, 0x00000000c4e00000| Complete 
|  53|0x00000000c4f00000, 0x00000000c5000000, 0x00000000c5000000|100%| E|CS|TAMS 0x00000000c4f00000, 0x00000000c4f00000| Complete 
|  54|0x00000000c5000000, 0x00000000c502d780, 0x00000000c5100000| 17%| S|CS|TAMS 0x00000000c5000000, 0x00000000c5000000| Complete 
|  55|0x00000000c5100000, 0x00000000c5200000, 0x00000000c5200000|100%| S|CS|TAMS 0x00000000c5100000, 0x00000000c5100000| Complete 
|  56|0x00000000c5200000, 0x00000000c5300000, 0x00000000c5300000|100%| E|CS|TAMS 0x00000000c5200000, 0x00000000c5200000| Complete 
|  57|0x00000000c5300000, 0x00000000c5400000, 0x00000000c5400000|100%| E|CS|TAMS 0x00000000c5300000, 0x00000000c5300000| Complete 
|  58|0x00000000c5400000, 0x00000000c5500000, 0x00000000c5500000|100%| E|CS|TAMS 0x00000000c5400000, 0x00000000c5400000| Complete 
|  59|0x00000000c5500000, 0x00000000c5600000, 0x00000000c5600000|100%| E|CS|TAMS 0x00000000c5500000, 0x00000000c5500000| Complete 
|  60|0x00000000c5600000, 0x00000000c5700000, 0x00000000c5700000|100%| E|CS|TAMS 0x00000000c5600000, 0x00000000c5600000| Complete 
|  61|0x00000000c5700000, 0x00000000c5800000, 0x00000000c5800000|100%| E|CS|TAMS 0x00000000c5700000, 0x00000000c5700000| Complete 
|  62|0x00000000c5800000, 0x00000000c5900000, 0x00000000c5900000|100%| E|CS|TAMS 0x00000000c5800000, 0x00000000c5800000| Complete 
|  63|0x00000000c5900000, 0x00000000c5a00000, 0x00000000c5a00000|100%| E|CS|TAMS 0x00000000c5900000, 0x00000000c5900000| Complete 

Card table byte_map: [0x00000253a8700000,0x00000253a8900000] _byte_map_base: 0x00000253a80f3000

Marking Bits (Prev, Next): (CMBitMap*) 0x0000025391e358c8, (CMBitMap*) 0x0000025391e35900
 Prev Bits: [0x00000253a8b00000, 0x00000253a9a98000)
 Next Bits: [0x00000253a9aa0000, 0x00000253aaa38000)

Polling page: 0x00000253915e0000

Metaspace:

Usage:
  Non-class:     17.53 MB capacity,    17.05 MB ( 97%) used,   402.20 KB (  2%) free+waste,    86.88 KB ( <1%) overhead. 
      Class:      2.46 MB capacity,     2.12 MB ( 86%) used,   301.33 KB ( 12%) free+waste,    45.38 KB (  2%) overhead. 
       Both:     19.98 MB capacity,    19.17 MB ( 96%) used,   703.52 KB (  3%) free+waste,   132.25 KB ( <1%) overhead. 

Virtual space:
  Non-class space:       18.00 MB reserved,      17.75 MB ( 99%) committed 
      Class space:        1.00 GB reserved,       2.50 MB ( <1%) committed 
             Both:        1.02 GB reserved,      20.25 MB (  2%) committed 

Chunk freelists:
   Non-Class:  4.62 KB
       Class:  1.50 KB
        Both:  6.12 KB

CodeHeap 'non-profiled nmethods': size=120064Kb used=491Kb max_used=491Kb free=119572Kb
 bounds [0x00000253a0fc0000, 0x00000253a1230000, 0x00000253a8500000]
CodeHeap 'profiled nmethods': size=120000Kb used=3502Kb max_used=3502Kb free=116497Kb
 bounds [0x0000025399a90000, 0x0000025399e00000, 0x00000253a0fc0000]
CodeHeap 'non-nmethods': size=5696Kb used=1156Kb max_used=1170Kb free=4540Kb
 bounds [0x0000025399500000, 0x0000025399770000, 0x0000025399a90000]
 total_blobs=2262 nmethods=1771 adapters=402
 compilation: enabled
              stopped_count=0, restarted_count=0
 full_count=0

Compilation events (10 events):
Event: 7.610 Thread 0x00000253ad74a000 1764       3       java.util.TreeMap$KeyIterator::next (8 bytes)
Event: 7.611 Thread 0x00000253ad74a000 nmethod 1764 0x0000025399df6490 code [0x0000025399df6640, 0x0000025399df6768]
Event: 7.611 Thread 0x00000253ad74a000 1765       3       java.util.Collections$UnmodifiableSet::<init> (6 bytes)
Event: 7.611 Thread 0x00000253ad74a000 nmethod 1765 0x0000025399df6810 code [0x0000025399df69c0, 0x0000025399df6cc8]
Event: 7.612 Thread 0x00000253ad74a000 1766       3       java.util.Collections$UnmodifiableMap::get (11 bytes)
Event: 7.613 Thread 0x00000253ad74a000 nmethod 1766 0x0000025399df6e10 code [0x0000025399df6fc0, 0x0000025399df7188]
Event: 7.613 Thread 0x00000253ad74a000 1767       3       java.util.Collections::unmodifiableSet (9 bytes)
Event: 7.613 Thread 0x00000253ad74a000 nmethod 1767 0x0000025399df7290 code [0x0000025399df7460, 0x0000025399df7808]
Event: 7.613 Thread 0x00000253ad74a000 1768       3       java.util.Collection::stream (11 bytes)
Event: 7.614 Thread 0x00000253ad74a000 nmethod 1768 0x0000025399df7990 code [0x0000025399df7b80, 0x0000025399df80b8]

GC Heap History (4 events):
Event: 3.335 GC heap before
{Heap before GC invocations=0 (full 0):
 garbage-first heap   total 65536K, used 14336K [0x00000000c1a00000, 0x0000000100000000)
  region size 1024K, 14 young (14336K), 0 survivors (0K)
 Metaspace       used 13462K, capacity 13861K, committed 14208K, reserved 1062912K
  class space    used 1394K, capacity 1562K, committed 1664K, reserved 1048576K
}
Event: 3.354 GC heap after
{Heap after GC invocations=1 (full 0):
 garbage-first heap   total 65536K, used 4283K [0x00000000c1a00000, 0x0000000100000000)
  region size 1024K, 2 young (2048K), 2 survivors (2048K)
 Metaspace       used 13462K, capacity 13861K, committed 14208K, reserved 1062912K
  class space    used 1394K, capacity 1562K, committed 1664K, reserved 1048576K
}
Event: 4.240 GC heap before
{Heap before GC invocations=1 (full 0):
 garbage-first heap   total 65536K, used 12475K [0x00000000c1a00000, 0x0000000100000000)
  region size 1024K, 10 young (10240K), 2 survivors (2048K)
 Metaspace       used 16339K, capacity 16880K, committed 17152K, reserved 1064960K
  class space    used 1748K, capacity 1970K, committed 2048K, reserved 1048576K
}
Event: 4.249 GC heap after
{Heap after GC invocations=2 (full 0):
 garbage-first heap   total 65536K, used 5453K [0x00000000c1a00000, 0x0000000100000000)
  region size 1024K, 2 young (2048K), 2 survivors (2048K)
 Metaspace       used 16339K, capacity 16880K, committed 17152K, reserved 1064960K
  class space    used 1748K, capacity 1970K, committed 2048K, reserved 1048576K
}

Deoptimization events (10 events):
Event: 0.436 Thread 0x0000025391e07800 Uncommon trap: reason=unstable_if action=reinterpret pc=0x00000253a0fc0ff0 method=java.lang.String.isLatin1()Z @ 10 c2
Event: 1.125 Thread 0x0000025391e07800 Uncommon trap: reason=unstable_if action=reinterpret pc=0x00000253a0fdab60 method=java.io.WinNTFileSystem.isSlash(C)Z @ 9 c2
Event: 1.178 Thread 0x0000025391e07800 Uncommon trap: reason=unstable_if action=reinterpret pc=0x00000253a0fdbd3c method=sun.nio.fs.WindowsPathParser.isSlash(C)Z @ 9 c2
Event: 2.495 Thread 0x0000025391e07800 Uncommon trap: reason=unstable_if action=reinterpret pc=0x00000253a0fe2464 method=java.lang.String.startsWith(Ljava/lang/String;I)Z @ 1 c2
Event: 2.601 Thread 0x0000025391e07800 Uncommon trap: reason=loop_limit_check action=maybe_recompile pc=0x00000253a0fe2c2c method=java.lang.StringLatin1.indexOf([BI[BII)I @ 37 c2
Event: 4.072 Thread 0x00000253ae3dd800 Uncommon trap: reason=unstable_if action=reinterpret pc=0x00000253a0ff96f8 method=jdk.internal.org.objectweb.asm.Type.getArgumentsAndReturnSizes(Ljava/lang/String;)I @ 88 c2
Event: 4.209 Thread 0x0000025391e07800 Uncommon trap: reason=unstable_if action=reinterpret pc=0x00000253a0ffdf4c method=jdk.internal.org.objectweb.asm.Item.isEqualTo(Ljdk/internal/org/objectweb/asm/Item;)Z @ 331 c2
Event: 4.218 Thread 0x0000025391e07800 Uncommon trap: reason=unstable_if action=reinterpret pc=0x00000253a1017418 method=java.io.ByteArrayInputStream.read([BII)I @ 35 c2
Event: 7.081 Thread 0x00000253ae34f000 Uncommon trap: reason=loop_limit_check action=maybe_recompile pc=0x00000253a1030890 method=java.lang.invoke.LambdaForm$Name.useCount(Ljava/lang/invoke/LambdaForm$Name;)I @ 21 c2
Event: 7.171 Thread 0x0000025391e07800 Uncommon trap: reason=class_check action=maybe_recompile pc=0x00000253a1008afc method=java.util.HashMap.putVal(ILjava/lang/Object;Ljava/lang/Object;ZZ)Ljava/lang/Object; @ 253 c2

Classes redefined (0 events):
No events

Internal exceptions (10 events):
Event: 4.340 Thread 0x00000253ae34f000 Exception <a 'java/lang/NoSuchMethodError'{0x00000000c58920b8}: java.lang.invoke.DirectMethodHandle$Holder.invokeStatic(Ljava/lang/Object;Ljava/lang/Object;Ljava/lang/Object;Ljava/lang/Object;I)Ljava/lang/Object;> (0x00000000c58920b8) thrown at [./open/sr
Event: 4.350 Thread 0x00000253ae34f000 Exception <a 'java/lang/NoSuchMethodError'{0x00000000c58daa80}: java.lang.invoke.DirectMethodHandle$Holder.invokeSpecial(Ljava/lang/Object;Ljava/lang/Object;Ljava/lang/Object;Ljava/lang/Object;I)Ljava/lang/Object;> (0x00000000c58daa80) thrown at [./open/s
Event: 4.351 Thread 0x00000253ae34f000 Exception <a 'java/lang/NoSuchMethodError'{0x00000000c58ddae0}: java.lang.invoke.Invokers$Holder.linkToTargetMethod(Ljava/lang/Object;Ljava/lang/Object;ILjava/lang/Object;)Ljava/lang/Object;> (0x00000000c58ddae0) thrown at [./open/src/hotspot/share/interp
Event: 4.393 Thread 0x00000253ae34f000 Exception <a 'java/lang/NoSuchMethodError'{0x00000000c57390a0}: java.lang.invoke.DirectMethodHandle$Holder.invokeSpecial(Ljava/lang/Object;Ljava/lang/Object;Ljava/lang/Object;Ljava/lang/Object;Ljava/lang/Object;)V> (0x00000000c57390a0) thrown at [./open/s
Event: 4.401 Thread 0x00000253ae34f000 Exception <a 'java/lang/NoSuchMethodError'{0x00000000c575c8f8}: java.lang.invoke.DirectMethodHandle$Holder.invokeStatic(Ljava/lang/Object;JJ)J> (0x00000000c575c8f8) thrown at [./open/src/hotspot/share/interpreter/linkResolver.cpp, line 772]
Event: 7.096 Thread 0x00000253ae34f000 Exception <a 'java/lang/NoSuchMethodError'{0x00000000c56b7228}: java.lang.invoke.DirectMethodHandle$Holder.invokeStatic(Ljava/lang/Object;Ljava/lang/Object;Ljava/lang/Object;Ljava/lang/Object;Ljava/lang/Object;Ljava/lang/Object;Ljava/lang/Object;Ljava/lan
Event: 7.101 Thread 0x00000253ae34f000 Exception <a 'java/lang/NoSuchMethodError'{0x00000000c56c3970}: java.lang.invoke.DirectMethodHandle$Holder.invokeStatic(Ljava/lang/Object;Ljava/lang/Object;Ljava/lang/Object;Ljava/lang/Object;Ljava/lang/Object;Ljava/lang/Object;Ljava/lang/Object;Ljava/lan
Event: 7.118 Thread 0x00000253ae34f000 Exception <a 'java/lang/NoSuchMethodError'{0x00000000c56ebdd0}: java.lang.invoke.DirectMethodHandle$Holder.invokeSpecial(Ljava/lang/Object;Ljava/lang/Object;Ljava/lang/Object;Ljava/lang/Object;Ljava/lang/Object;Ljava/lang/Object;Ljava/lang/Object;)V> (0x0
Event: 7.153 Thread 0x0000025391e07800 Exception <a 'java/lang/NoSuchMethodError'{0x00000000c555d138}: java.lang.invoke.DirectMethodHandle$Holder.invokeSpecialIFC(Ljava/lang/Object;Ljava/lang/Object;Ljava/lang/Object;)Ljava/lang/Object;> (0x00000000c555d138) thrown at [./open/src/hotspot/share
Event: 7.582 Thread 0x0000025391e07800 Exception <a 'java/lang/ClassNotFoundException'{0x00000000c4e08e08}: sun/util/logging/resources/spi/loggingProvider> (0x00000000c4e08e08) thrown at [./open/src/hotspot/share/classfile/systemDictionary.cpp, line 226]

Events (10 events):
Event: 7.603 loading class org/openqa/selenium/Capabilities
Event: 7.603 loading class org/openqa/selenium/Capabilities done
Event: 7.603 loading class org/openqa/selenium/ImmutableCapabilities
Event: 7.603 loading class org/openqa/selenium/ImmutableCapabilities done
Event: 7.605 loading class org/openqa/selenium/Capabilities
Event: 7.605 loading class org/openqa/selenium/Capabilities done
Event: 7.606 loading class org/openqa/selenium/PersistentCapabilities
Event: 7.606 loading class org/openqa/selenium/PersistentCapabilities done
Event: 7.612 loading class org/openqa/selenium/PersistentCapabilities
Event: 7.612 loading class org/openqa/selenium/PersistentCapabilities done


Dynamic libraries:
0x00007ff735a80000 - 0x00007ff735a90000 	C:\Program Files\Java\jdk-11\bin\javaw.exe
0x00007ffcacdf0000 - 0x00007ffcacfe8000 	C:\Windows\SYSTEM32\ntdll.dll
0x00007ffcac6a0000 - 0x00007ffcac761000 	C:\Windows\System32\KERNEL32.DLL
0x00007ffcaa810000 - 0x00007ffcaab0d000 	C:\Windows\System32\KERNELBASE.dll
0x00007ffcaa4a0000 - 0x00007ffcaa5a0000 	C:\Windows\System32\ucrtbase.dll
0x00007ffca3f80000 - 0x00007ffca3f99000 	C:\Program Files\Java\jdk-11\bin\jli.dll
0x00007ffcabbe0000 - 0x00007ffcabc90000 	C:\Windows\System32\ADVAPI32.dll
0x00007ffcacd10000 - 0x00007ffcacdae000 	C:\Windows\System32\msvcrt.dll
0x00007ffcac160000 - 0x00007ffcac200000 	C:\Windows\System32\sechost.dll
0x00007ffcac770000 - 0x00007ffcac893000 	C:\Windows\System32\RPCRT4.dll
0x00007ffcaa770000 - 0x00007ffcaa797000 	C:\Windows\System32\bcrypt.dll
0x00007ffcacae0000 - 0x00007ffcacc7d000 	C:\Windows\System32\USER32.dll
0x00007ffcaa5a0000 - 0x00007ffcaa5c2000 	C:\Windows\System32\win32u.dll
0x00007ffcabb50000 - 0x00007ffcabb7b000 	C:\Windows\System32\GDI32.dll
0x00007ffcaaba0000 - 0x00007ffcaacb7000 	C:\Windows\System32\gdi32full.dll
0x00007ffcaa6d0000 - 0x00007ffcaa76d000 	C:\Windows\System32\msvcp_win.dll
0x00007ffc9a700000 - 0x00007ffc9a99a000 	C:\Windows\WinSxS\amd64_microsoft.windows.common-controls_6595b64144ccf1df_6.0.19041.4355_none_60b8b9eb71f62e16\COMCTL32.dll
0x00007ffca2e10000 - 0x00007ffca2e2b000 	C:\Program Files\Java\jdk-11\bin\VCRUNTIME140.dll
0x00007ffca0cc0000 - 0x00007ffca0cca000 	C:\Windows\SYSTEM32\VERSION.dll
0x00007ffcac900000 - 0x00007ffcac92f000 	C:\Windows\System32\IMM32.DLL
0x00007ffca5010000 - 0x00007ffca501c000 	C:\Program Files\Java\jdk-11\bin\vcruntime140_1.dll
0x00007ffc8b600000 - 0x00007ffc8b68e000 	C:\Program Files\Java\jdk-11\bin\msvcp140.dll
0x00007ffc71b60000 - 0x00007ffc726ce000 	C:\Program Files\Java\jdk-11\bin\server\jvm.dll
0x00007ffcabc90000 - 0x00007ffcabc98000 	C:\Windows\System32\PSAPI.DLL
0x00007ffc98200000 - 0x00007ffc98209000 	C:\Windows\SYSTEM32\WSOCK32.dll
0x00007ffcabd50000 - 0x00007ffcabdbb000 	C:\Windows\System32\WS2_32.dll
0x00007ffc9fbe0000 - 0x00007ffc9fc07000 	C:\Windows\SYSTEM32\WINMM.dll
0x00007ffca8d00000 - 0x00007ffca8d12000 	C:\Windows\SYSTEM32\kernel.appcore.dll
0x00007ffca3f70000 - 0x00007ffca3f80000 	C:\Program Files\Java\jdk-11\bin\verify.dll
0x00007ffca89c0000 - 0x00007ffca8ba4000 	C:\Windows\SYSTEM32\DBGHELP.DLL
0x00007ffca3670000 - 0x00007ffca36a4000 	C:\Windows\SYSTEM32\dbgcore.DLL
0x00007ffcaab10000 - 0x00007ffcaab92000 	C:\Windows\System32\bcryptPrimitives.dll
0x00007ffc95270000 - 0x00007ffc95298000 	C:\Program Files\Java\jdk-11\bin\java.dll
0x00007ffca1ee0000 - 0x00007ffca1eea000 	C:\Program Files\Java\jdk-11\bin\jimage.dll
0x00007ffc98860000 - 0x00007ffc98877000 	C:\Program Files\Java\jdk-11\bin\zip.dll
0x00007ffcab2a0000 - 0x00007ffcaba0f000 	C:\Windows\System32\SHELL32.dll
0x00007ffca8150000 - 0x00007ffca88ef000 	C:\Windows\SYSTEM32\windows.storage.dll
0x00007ffcac280000 - 0x00007ffcac5d3000 	C:\Windows\System32\combase.dll
0x00007ffca9df0000 - 0x00007ffca9e1e000 	C:\Windows\SYSTEM32\Wldp.dll
0x00007ffcac030000 - 0x00007ffcac0fd000 	C:\Windows\System32\OLEAUT32.dll
0x00007ffcac5f0000 - 0x00007ffcac69d000 	C:\Windows\System32\SHCORE.dll
0x00007ffcabb80000 - 0x00007ffcabbd5000 	C:\Windows\System32\shlwapi.dll
0x00007ffcaa3d0000 - 0x00007ffcaa3f4000 	C:\Windows\SYSTEM32\profapi.dll
0x00007ffc94e80000 - 0x00007ffc94e99000 	C:\Program Files\Java\jdk-11\bin\net.dll
0x00007ffca3560000 - 0x00007ffca366d000 	C:\Windows\SYSTEM32\WINHTTP.dll
0x00007ffca9b50000 - 0x00007ffca9bba000 	C:\Windows\system32\mswsock.dll
0x00007ffc94b60000 - 0x00007ffc94b72000 	C:\Program Files\Java\jdk-11\bin\nio.dll
0x00007ffca9870000 - 0x00007ffca993a000 	C:\Windows\SYSTEM32\DNSAPI.dll
0x00007ffca9830000 - 0x00007ffca986b000 	C:\Windows\SYSTEM32\IPHLPAPI.DLL
0x00007ffcaae20000 - 0x00007ffcaae28000 	C:\Windows\System32\NSI.dll
0x00007ffc99ab0000 - 0x00007ffc99aba000 	C:\Windows\System32\rasadhlp.dll
0x00007ffc9da00000 - 0x00007ffc9da80000 	C:\Windows\System32\fwpuclnt.dll
0x00007ffc93c40000 - 0x00007ffc93c67000 	C:\Program Files\Java\jdk-11\bin\sunec.dll
0x00007ffca9d40000 - 0x00007ffca9d58000 	C:\Windows\SYSTEM32\CRYPTSP.dll
0x00007ffca9470000 - 0x00007ffca94a4000 	C:\Windows\system32\rsaenh.dll
0x00007ffcaa380000 - 0x00007ffcaa3ae000 	C:\Windows\SYSTEM32\USERENV.dll
0x00007ffca9d60000 - 0x00007ffca9d6c000 	C:\Windows\SYSTEM32\CRYPTBASE.dll
0x00007ffca1500000 - 0x00007ffca1517000 	C:\Windows\SYSTEM32\dhcpcsvc6.DLL
0x00007ffca4ec0000 - 0x00007ffca4edd000 	C:\Windows\SYSTEM32\dhcpcsvc.DLL

dbghelp: loaded successfully - version: 4.0.5 - missing functions: none
symbol engine: initialized successfully - sym options: 0x614 - pdb path: .;C:\Program Files\Java\jdk-11\bin;C:\Windows\SYSTEM32;C:\Windows\WinSxS\amd64_microsoft.windows.common-controls_6595b64144ccf1df_6.0.19041.4355_none_60b8b9eb71f62e16;C:\Program Files\Java\jdk-11\bin\server

VM Arguments:
jvm_args: -Dfile.encoding=UTF-8 -Dstdout.encoding=UTF-8 -Dstderr.encoding=UTF-8 
java_command: utilitiesDriver.WaitForAlert
java_class_path (initial): C:\SELNIUM JAVA ECLIPSE WORKSPACE\SeleniumNaveenProject\target\classes;C:\Users\rookie\.m2\repository\org\seleniumhq\selenium\selenium-java\4.23.0\selenium-java-4.23.0.jar;C:\Users\rookie\.m2\repository\org\seleniumhq\selenium\selenium-api\4.23.0\selenium-api-4.23.0.jar;C:\Users\rookie\.m2\repository\org\seleniumhq\selenium\selenium-chrome-driver\4.23.0\selenium-chrome-driver-4.23.0.jar;C:\Users\rookie\.m2\repository\com\google\auto\service\auto-service-annotations\1.1.1\auto-service-annotations-1.1.1.jar;C:\Users\rookie\.m2\repository\org\seleniumhq\selenium\selenium-chromium-driver\4.23.0\selenium-chromium-driver-4.23.0.jar;C:\Users\rookie\.m2\repository\org\seleniumhq\selenium\selenium-json\4.23.0\selenium-json-4.23.0.jar;C:\Users\rookie\.m2\repository\org\seleniumhq\selenium\selenium-manager\4.23.0\selenium-manager-4.23.0.jar;C:\Users\rookie\.m2\repository\org\seleniumhq\selenium\selenium-devtools-v125\4.23.0\selenium-devtools-v125-4.23.0.jar;C:\Users\rookie\.m2\repository\org\seleniumhq\selenium\selenium-devtools-v126\4.23.0\selenium-devtools-v126-4.23.0.jar;C:\Users\rookie\.m2\repository\org\seleniumhq\selenium\selenium-devtools-v127\4.23.0\selenium-devtools-v127-4.23.0.jar;C:\Users\rookie\.m2\repository\org\seleniumhq\selenium\selenium-devtools-v85\4.23.0\selenium-devtools-v85-4.23.0.jar;C:\Users\rookie\.m2\repository\org\seleniumhq\selenium\selenium-edge-driver\4.23.0\selenium-edge-driver-4.23.0.jar;C:\Users\rookie\.m2\repository\org\seleniumhq\selenium\selenium-firefox-driver\4.23.0\selenium-firefox-driver-4.23.0.jar;C:\Users\rookie\.m2\repository\org\seleniumhq\selenium\selenium-http\4.23.0\selenium-http-4.23.0.jar;C:\Users\rookie\.m2\repository\dev\failsafe\failsafe\3.3.2\failsafe-3.3.2.jar;C:\Users\rookie\.m2\repository\org\seleniumhq\selenium\selenium-ie-driver\4.23.0\selenium-ie-driver-4.23.0.jar;C:\Users\rookie\.m2\repository\org\seleniumhq\selenium\selenium-remote-driver\4.23.0\selenium-remote-driver-4.23.0.jar;C:\Users\r
Launcher Type: SUN_STANDARD

[Global flags]
     intx CICompilerCount                          = 3                                         {product} {ergonomic}
     uint ConcGCThreads                            = 1                                         {product} {ergonomic}
     uint G1ConcRefinementThreads                  = 4                                         {product} {ergonomic}
   size_t G1HeapRegionSize                         = 1048576                                   {product} {ergonomic}
    uintx GCDrainStackTargetSize                   = 64                                        {product} {ergonomic}
   size_t InitialHeapSize                          = 67108864                                  {product} {ergonomic}
   size_t MarkStackSize                            = 4194304                                   {product} {ergonomic}
   size_t MaxHeapSize                              = 1046478848                                {product} {ergonomic}
   size_t MaxNewSize                               = 627048448                                 {product} {ergonomic}
   size_t MinHeapDeltaBytes                        = 1048576                                   {product} {ergonomic}
    uintx NonNMethodCodeHeapSize                   = 5830732                                {pd product} {ergonomic}
    uintx NonProfiledCodeHeapSize                  = 122913754                              {pd product} {ergonomic}
    uintx ProfiledCodeHeapSize                     = 122913754                              {pd product} {ergonomic}
    uintx ReservedCodeCacheSize                    = 251658240                              {pd product} {ergonomic}
     bool SegmentedCodeCache                       = true                                      {product} {ergonomic}
     bool UseCompressedClassPointers               = true                                 {lp64_product} {ergonomic}
     bool UseCompressedOops                        = true                                 {lp64_product} {ergonomic}
     bool UseG1GC                                  = true                                      {product} {ergonomic}
     bool UseLargePagesIndividualAllocation        = false                                  {pd product} {ergonomic}

Logging:
Log output configuration:
 #0: stdout all=warning uptime,level,tags
 #1: stderr all=off uptime,level,tags

Environment Variables:
JAVA_HOME=C:\Program Files\Java\jdk-11
PATH=C:/Eclipse/eclipse//plugins/org.eclipse.justj.openjdk.hotspot.jre.full.win32.x86_64_17.0.10.v20240120-1143/jre/bin/server;C:/Eclipse/eclipse//plugins/org.eclipse.justj.openjdk.hotspot.jre.full.win32.x86_64_17.0.10.v20240120-1143/jre/bin;C:\Windows\system32;C:\Windows;C:\Windows\System32\Wbem;C:\Windows\System32\WindowsPowerShell\v1.0\;C:\Windows\System32\OpenSSH\;C:\Program Files\Java\jdk-11\bin;C:\Users\rookie\AppData\Local\Microsoft\WindowsApps;;C:\Eclipse\eclipse;
USERNAME=rookie
OS=Windows_NT
PROCESSOR_IDENTIFIER=Intel64 Family 6 Model 61 Stepping 4, GenuineIntel



---------------  S Y S T E M  ---------------

OS: Windows 10 , 64 bit Build 19041 (10.0.19041.4717)

CPU:total 4 (initial active 4) (2 cores per cpu, 2 threads per core) family 6 model 61 stepping 4 microcode 0x2d, cmov, cx8, fxsr, mmx, sse, sse2, sse3, ssse3, sse4.1, sse4.2, popcnt, avx, avx2, aes, clmul, erms, rtm, 3dnowpref, lzcnt, ht, tsc, tscinvbit, bmi1, bmi2, adx, fma

Memory: 4k page, system-wide physical 3984M (293M free)
TotalPageFile size 16272M (AvailPageFile size 5M)
current process WorkingSet (physical memory assigned to process): 95M, peak: 95M
current process commit charge ("private bytes"): 171M, peak: 172M

vm_info: Java HotSpot(TM) 64-Bit Server VM (11.0.22+9-LTS-219) for windows-amd64 JRE (11.0.22+9-LTS-219), built on Dec 19 2023 22:08:21 by "mach5one" with MS VC++ 17.1 (VS2022)

END.
